"C:\Program Files\JetBrains\CLion 2018.1.6\bin\cmake\win\bin\cmake.exe" -DCMAKE_BUILD_TYPE=Release -DCMAKE_BUILD_TYPE=Release "-DCMAKE_CXX_FLAGS=${CMAKE_CXX_FLAGS} -m64" -G "CodeBlocks - NMake Makefiles" C:\Users\SECUCEN\Documents\LJW\Dev\Suricata
-- The C compiler identification is MSVC 19.14.26433.0
-- The CXX compiler identification is MSVC 19.14.26433.0
-- Check for working C compiler: C:/Program Files (x86)/Microsoft Visual Studio/2017/Community/VC/Tools/MSVC/14.14.26428/bin/Hostx64/x64/cl.exe
-- Check for working C compiler: C:/Program Files (x86)/Microsoft Visual Studio/2017/Community/VC/Tools/MSVC/14.14.26428/bin/Hostx64/x64/cl.exe -- works
-- Detecting C compiler ABI info
-- Detecting C compiler ABI info - done
-- Detecting C compile features
-- Detecting C compile features - done
-- Check for working CXX compiler: C:/Program Files (x86)/Microsoft Visual Studio/2017/Community/VC/Tools/MSVC/14.14.26428/bin/Hostx64/x64/cl.exe
-- Check for working CXX compiler: C:/Program Files (x86)/Microsoft Visual Studio/2017/Community/VC/Tools/MSVC/14.14.26428/bin/Hostx64/x64/cl.exe -- broken
CMake Error at C:/Program Files/JetBrains/CLion 2018.1.6/bin/cmake/win/share/cmake-3.12/Modules/CMakeTestCXXCompiler.cmake:45 (message):
  The C++ compiler

    "C:/Program Files (x86)/Microsoft Visual Studio/2017/Community/VC/Tools/MSVC/14.14.26428/bin/Hostx64/x64/cl.exe"

  is not able to compile a simple test program.

  It fails with the following output:

    Change Dir: C:/Users/SECUCEN/Documents/LJW/Dev/Suricata/Build/x64/Release/CMakeFiles/CMakeTmp
    
    Run Build Command:"nmake" "/nologo" "cmTC_9619e\fast"
    	"C:\Program Files (x86)\Microsoft Visual Studio\2017\Community\VC\Tools\MSVC\14.14.26428\bin\HostX64\x64\nmake.exe" -f CMakeFiles\cmTC_9619e.dir\build.make /nologo -L                  CMakeFiles\cmTC_9619e.dir\build
    CMakeFiles\cmTC_9619e.dir\flags.make(4) : fatal error U1001: 援щЦ �삤瑜� : 留ㅽ겕濡쒖뿉 '{' 臾몄옄媛� �옒紐삳릺�뿀�뒿�땲�떎.
    Stop.
    NMAKE : fatal error U1077: '"C:\Program Files (x86)\Microsoft Visual Studio\2017\Community\VC\Tools\MSVC\14.14.26428\bin\HostX64\x64\nmake.exe"' : '0x2' 諛섑솚 肄붾뱶�엯�땲�떎.
    Stop.
    

  

  CMake will not be able to correctly generate this project.
Call Stack (most recent call first):
  CMakeLists.txt:2 (project)


-- Configuring incomplete, errors occurred!
See also "C:/Users/SECUCEN/Documents/LJW/Dev/Suricata/Build/x64/Release/CMakeFiles/CMakeOutput.log".
See also "C:/Users/SECUCEN/Documents/LJW/Dev/Suricata/Build/x64/Release/CMakeFiles/CMakeError.log".
